[
  {
    "level": "INFO",
    "message": "android.ndkVersion from module build.gradle is not set"
  },
  {
    "level": "INFO",
    "message": "ndk.dir in local.properties is D:\\Android\\ndk\\26.3.11579264"
  },
  {
    "level": "INFO",
    "message": "ANDROID_NDK_HOME environment variable is not set"
  },
  {
    "level": "INFO",
    "message": "sdkFolder is D:\\Android"
  },
  {
    "level": "INFO",
    "message": "Considering D:\\Android\\ndk\\26.3.11579264 by ndk.dir"
  },
  {
    "level": "INFO",
    "message": "Considering D:\\Android\\ndk-bundle in SDK ndk-bundle folder"
  },
  {
    "level": "INFO",
    "message": "Considering D:\\Android\\ndk\\21.0.6113669 in SDK ndk folder"
  },
  {
    "level": "INFO",
    "message": "Considering D:\\Android\\ndk\\21.4.7075529 in SDK ndk folder"
  },
  {
    "level": "INFO",
    "message": "Considering D:\\Android\\ndk\\23.1.7779620 in SDK ndk folder"
  },
  {
    "level": "INFO",
    "message": "Considering D:\\Android\\ndk\\25.1.8937393 in SDK ndk folder"
  },
  {
    "level": "INFO",
    "message": "Considering D:\\Android\\ndk\\26.3.11579264 in SDK ndk folder"
  },
  {
    "level": "INFO",
    "message": "Found requested ndk.dir (D:\\Android\\ndk\\26.3.11579264) which has version 26.3.11579264"
  }
]